<?xml version="1.0" encoding="UTF-8"?>
<!-- Generated by org.testng.reporters.JUnitReportReporter -->
<testsuite skipped="0" hostname="DESKTOP-68FQSFB" name="com.saucedemo.testsuite.LogInTest" tests="2" failures="0" timestamp="2023-05-07T22:36:25 BST" time="18.707" errors="0">
  <testcase name="verifyThatSixProductsAreDisplayedOnPage" time="10.740" classname="com.saucedemo.testsuite.LogInTest"/>
  <system-out/>
  <testcase name="userShouldLoginSuccessfullyWithValidCredentials" time="7.967" classname="com.saucedemo.testsuite.LogInTest"/>
  <system-out/>
</testsuite> <!-- com.saucedemo.testsuite.LogInTest -->
